#
# There is insufficient memory for the Java Runtime Environment to continue.
# Native memory allocation (mmap) failed to map 67108864 bytes for G1 virtual space
# Possible reasons:
#   The system is out of physical RAM or swap space
#   The process is running with CompressedOops enabled, and the Java Heap may be blocking the growth of the native heap
# Possible solutions:
#   Reduce memory load on the system
#   Increase physical memory or swap space
#   Check if swap backing store is full
#   Decrease Java heap size (-Xmx/-Xms)
#   Decrease number of Java threads
#   Decrease Java thread stack sizes (-Xss)
#   Set larger code cache with -XX:ReservedCodeCacheSize=
#   JVM is running with Unscaled Compressed Oops mode in which the Java heap is
#     placed in the first 4GB address space. The Java Heap base address is the
#     maximum limit for the native heap growth. Please use -XX:HeapBaseMinAddress
#     to set the Java Heap base and to place the Java Heap above 4GB virtual address.
# This output file may be truncated or incomplete.
#
#  Out of Memory Error (os_windows.cpp:3613), pid=21640, tid=20300
#
# JRE version:  (17.0.9+9) (build )
# Java VM: OpenJDK 64-Bit Server VM (17.0.9+9, mixed mode, sharing, tiered, compressed oops, compressed class ptrs, g1 gc, windows-amd64)
# No core dump will be written. Minidumps are not enabled by default on client versions of Windows
#

---------------  S U M M A R Y ------------

Command Line: -Dfile.encoding=UTF-8 -Dstdout.encoding=UTF-8 -Dstderr.encoding=UTF-8 -XX:+ShowCodeDetailsInExceptionMessages Practice.practice2

Host: Intel(R) Core(TM) i3-4030U CPU @ 1.90GHz, 4 cores, 3G,  Windows 10 , 64 bit Build 19041 (10.0.19041.3636)
Time: Sat Feb  3 01:05:21 2024 India Standard Time elapsed time: 0.023764 seconds (0d 0h 0m 0s)

---------------  T H R E A D  ---------------

Current thread (0x000002b079e1bd90):  JavaThread "Unknown thread" [_thread_in_vm, id=20300, stack(0x000000fffdb00000,0x000000fffdc00000)]

Stack: [0x000000fffdb00000,0x000000fffdc00000]
Native frames: (J=compiled Java code, j=interpreted, Vv=VM code, C=native code)
V  [jvm.dll+0x67cf49]
V  [jvm.dll+0x83478a]
V  [jvm.dll+0x83624e]
V  [jvm.dll+0x8368b3]
V  [jvm.dll+0x247f1f]
V  [jvm.dll+0x679d69]
V  [jvm.dll+0x66e6ba]
V  [jvm.dll+0x307e5b]
V  [jvm.dll+0x30f306]
V  [jvm.dll+0x35f0ce]
V  [jvm.dll+0x35f2ff]
V  [jvm.dll+0x2dea58]
V  [jvm.dll+0x2df9c4]
V  [jvm.dll+0x806031]
V  [jvm.dll+0x36cf31]
V  [jvm.dll+0x7e4aac]
V  [jvm.dll+0x3f07af]
V  [jvm.dll+0x3f23e1]
C  [jli.dll+0x528f]
C  [ucrtbase.dll+0x21bb2]
C  [KERNEL32.DLL+0x17344]
C  [ntdll.dll+0x526b1]


---------------  P R O C E S S  ---------------

Threads class SMR info:
_java_thread_list=0x00007ffa6ccdee98, length=0, elements={
}

Java Threads: ( => current thread )

Other Threads:
  0x000002b079e56ed0 GCTaskThread "GC Thread#0" [stack: 0x000000fffdc00000,0x000000fffdd00000] [id=22996]
  0x000002b079e622d0 ConcurrentGCThread "G1 Main Marker" [stack: 0x000000fffdd00000,0x000000fffde00000] [id=13288]
  0x000002b079e62cf0 ConcurrentGCThread "G1 Conc#0" [stack: 0x000000fffde00000,0x000000fffdf00000] [id=3116]

[error occurred during error reporting (printing all threads), id 0xc0000005, EXCEPTION_ACCESS_VIOLATION (0xc0000005) at pc=0x00007ffa6c49f497]

VM state: not at safepoint (not fully initialized)

VM Mutex/Monitor currently owned by a thread:  ([mutex/lock_event])
[0x000002b079e16940] Heap_lock - owner thread: 0x000002b079e1bd90

Heap address: 0x00000000c1800000, size: 1000 MB, Compressed Oops mode: 32-bit

CDS archive(s) mapped at: [0x0000000000000000-0x0000000000000000-0x0000000000000000), size 0, SharedBaseAddress: 0x0000000800000000, ArchiveRelocationMode: 1.
Narrow klass base: 0x0000000000000000, Narrow klass shift: 0, Narrow klass range: 0x0

GC Precious Log:
<Empty>

Heap:
 garbage-first heap   total 0K, used 0K [0x00000000c1800000, 0x0000000100000000)
  region size 1024K, 0 young (0K), 0 survivors (0K)

[error occurred during error reporting (printing heap information), id 0xc0000005, EXCEPTION_ACCESS_VIOLATION (0xc0000005) at pc=0x00007ffa6c886c79]

GC Heap History (0 events):
No events

Dll operation events (1 events):
Event: 0.013 Loaded shared library C:\Users\vishu\.p2\pool\plugins\org.eclipse.justj.openjdk.hotspot.jre.full.win32.x86_64_17.0.9.v20231028-0858\jre\bin\java.dll

Deoptimization events (0 events):
No events

Classes unloaded (0 events):
No events

Classes redefined (0 events):
No events

Internal exceptions (0 events):
No events

VM Operations (0 events):
No events

Events (0 events):
No events


Dynamic libraries:
0x00007ff6e77a0000 - 0x00007ff6e77ae000 	C:\Users\vishu\.p2\pool\plugins\org.eclipse.justj.openjdk.hotspot.jre.full.win32.x86_64_17.0.9.v20231028-0858\jre\bin\javaw.exe
0x00007ffada5d0000 - 0x00007ffada7c8000 	C:\WINDOWS\SYSTEM32\ntdll.dll
0x00007ffad8620000 - 0x00007ffad86dd000 	C:\WINDOWS\System32\KERNEL32.DLL
0x00007ffad7f00000 - 0x00007ffad81f6000 	C:\WINDOWS\System32\KERNELBASE.dll
0x00007ffad8520000 - 0x00007ffad8620000 	C:\WINDOWS\System32\ucrtbase.dll
0x00007ffad3b30000 - 0x00007ffad3b47000 	C:\Users\vishu\.p2\pool\plugins\org.eclipse.justj.openjdk.hotspot.jre.full.win32.x86_64_17.0.9.v20231028-0858\jre\bin\jli.dll
0x00007ffac4e70000 - 0x00007ffac4e8b000 	C:\Users\vishu\.p2\pool\plugins\org.eclipse.justj.openjdk.hotspot.jre.full.win32.x86_64_17.0.9.v20231028-0858\jre\bin\VCRUNTIME140.dll
0x00007ffad9800000 - 0x00007ffad999e000 	C:\WINDOWS\System32\USER32.dll
0x00007ffad84f0000 - 0x00007ffad8512000 	C:\WINDOWS\System32\win32u.dll
0x00007ffac6430000 - 0x00007ffac66ca000 	C:\WINDOWS\WinSxS\amd64_microsoft.windows.common-controls_6595b64144ccf1df_6.0.19041.3636_none_60b6a03d71f818d5\COMCTL32.dll
0x00007ffada310000 - 0x00007ffada3ae000 	C:\WINDOWS\System32\msvcrt.dll
0x00007ffad9580000 - 0x00007ffad95ac000 	C:\WINDOWS\System32\GDI32.dll
0x00007ffad83d0000 - 0x00007ffad84ea000 	C:\WINDOWS\System32\gdi32full.dll
0x00007ffad7e10000 - 0x00007ffad7ead000 	C:\WINDOWS\System32\msvcp_win.dll
0x00007ffad97d0000 - 0x00007ffad9800000 	C:\WINDOWS\System32\IMM32.DLL
0x00007ffad3b00000 - 0x00007ffad3b0c000 	C:\Users\vishu\.p2\pool\plugins\org.eclipse.justj.openjdk.hotspot.jre.full.win32.x86_64_17.0.9.v20231028-0858\jre\bin\vcruntime140_1.dll
0x00007ffaa96c0000 - 0x00007ffaa974d000 	C:\Users\vishu\.p2\pool\plugins\org.eclipse.justj.openjdk.hotspot.jre.full.win32.x86_64_17.0.9.v20231028-0858\jre\bin\msvcp140.dll
0x00007ffa6c1b0000 - 0x00007ffa6ce11000 	C:\Users\vishu\.p2\pool\plugins\org.eclipse.justj.openjdk.hotspot.jre.full.win32.x86_64_17.0.9.v20231028-0858\jre\bin\server\jvm.dll
0x00007ffada090000 - 0x00007ffada143000 	C:\WINDOWS\System32\ADVAPI32.dll
0x00007ffada4f0000 - 0x00007ffada58f000 	C:\WINDOWS\System32\sechost.dll
0x00007ffad95c0000 - 0x00007ffad96e6000 	C:\WINDOWS\System32\RPCRT4.dll
0x00007ffad7de0000 - 0x00007ffad7e07000 	C:\WINDOWS\System32\bcrypt.dll
0x00007ffad71f0000 - 0x00007ffad723b000 	C:\WINDOWS\SYSTEM32\POWRPROF.dll
0x00007ffac71d0000 - 0x00007ffac71d9000 	C:\WINDOWS\SYSTEM32\WSOCK32.dll
0x00007ffad99a0000 - 0x00007ffad9a0b000 	C:\WINDOWS\System32\WS2_32.dll
0x00007ffac8db0000 - 0x00007ffac8dd7000 	C:\WINDOWS\SYSTEM32\WINMM.dll
0x00007ffacae50000 - 0x00007ffacae5a000 	C:\WINDOWS\SYSTEM32\VERSION.dll
0x00007ffad70b0000 - 0x00007ffad70c2000 	C:\WINDOWS\SYSTEM32\UMPDC.dll
0x00007ffad5b50000 - 0x00007ffad5b62000 	C:\WINDOWS\SYSTEM32\kernel.appcore.dll
0x00007ffad26b0000 - 0x00007ffad26ba000 	C:\Users\vishu\.p2\pool\plugins\org.eclipse.justj.openjdk.hotspot.jre.full.win32.x86_64_17.0.9.v20231028-0858\jre\bin\jimage.dll
0x00007ffac7a60000 - 0x00007ffac7c44000 	C:\WINDOWS\SYSTEM32\DBGHELP.DLL
0x00007ffac7240000 - 0x00007ffac7274000 	C:\WINDOWS\SYSTEM32\dbgcore.DLL
0x00007ffad7d50000 - 0x00007ffad7dd2000 	C:\WINDOWS\System32\bcryptPrimitives.dll
0x00007ffac4e40000 - 0x00007ffac4e65000 	C:\Users\vishu\.p2\pool\plugins\org.eclipse.justj.openjdk.hotspot.jre.full.win32.x86_64_17.0.9.v20231028-0858\jre\bin\java.dll

dbghelp: loaded successfully - version: 4.0.5 - missing functions: none
symbol engine: initialized successfully - sym options: 0x614 - pdb path: .;C:\Users\vishu\.p2\pool\plugins\org.eclipse.justj.openjdk.hotspot.jre.full.win32.x86_64_17.0.9.v20231028-0858\jre\bin;C:\WINDOWS\SYSTEM32;C:\WINDOWS\WinSxS\amd64_microsoft.windows.common-controls_6595b64144ccf1df_6.0.19041.3636_none_60b6a03d71f818d5;C:\Users\vishu\.p2\pool\plugins\org.eclipse.justj.openjdk.hotspot.jre.full.win32.x86_64_17.0.9.v20231028-0858\jre\bin\server

VM Arguments:
jvm_args: -Dfile.encoding=UTF-8 -Dstdout.encoding=UTF-8 -Dstderr.encoding=UTF-8 -XX:+ShowCodeDetailsInExceptionMessages 
java_command: Practice.practice2
java_class_path (initial): C:\Users\vishu\eclipse-workspace1\Selenium\bin;C:\Users\vishu\Downloads\selenium-server-4.14.1.jar
Launcher Type: SUN_STANDARD

[Global flags]
     intx CICompilerCount                          = 3                                         {product} {ergonomic}
     uint ConcGCThreads                            = 1                                         {product} {ergonomic}
     uint G1ConcRefinementThreads                  = 4                                         {product} {ergonomic}
   size_t G1HeapRegionSize                         = 1048576                                   {product} {ergonomic}
    uintx GCDrainStackTargetSize                   = 64                                        {product} {ergonomic}
   size_t InitialHeapSize                          = 67108864                                  {product} {ergonomic}
   size_t MarkStackSize                            = 4194304                                   {product} {ergonomic}
   size_t MaxHeapSize                              = 1048576000                                {product} {ergonomic}
   size_t MinHeapDeltaBytes                        = 1048576                                   {product} {ergonomic}
   size_t MinHeapSize                              = 8388608                                   {product} {ergonomic}
    uintx NonNMethodCodeHeapSize                   = 5832780                                {pd product} {ergonomic}
    uintx NonProfiledCodeHeapSize                  = 122912730                              {pd product} {ergonomic}
    uintx ProfiledCodeHeapSize                     = 122912730                              {pd product} {ergonomic}
    uintx ReservedCodeCacheSize                    = 251658240                              {pd product} {ergonomic}
     bool SegmentedCodeCache                       = true                                      {product} {ergonomic}
     bool ShowCodeDetailsInExceptionMessages       = true                                   {manageable} {command line}
   size_t SoftMaxHeapSize                          = 1048576000                             {manageable} {ergonomic}
     bool UseCompressedClassPointers               = true                           {product lp64_product} {ergonomic}
     bool UseCompressedOops                        = true                           {product lp64_product} {ergonomic}
     bool UseG1GC                                  = true                                      {product} {ergonomic}
     bool UseLargePagesIndividualAllocation        = false                                  {pd product} {ergonomic}

Logging:
Log output configuration:
 #0: stdout all=warning uptime,level,tags
 #1: stderr all=off uptime,level,tags

Environment Variables:
PATH=C:\Program Files\Common Files\Oracle\Java\javapath;C:\WINDOWS\system32;C:\WINDOWS;C:\WINDOWS\System32\Wbem;C:\WINDOWS\System32\WindowsPowerShell\v1.0\;C:\WINDOWS\System32\OpenSSH\;C:\Program Files\Git\cmd;C:\Program Files\Git\bin;C:\Users\vishu\AppData\Local\Microsoft\WindowsApps;;C:\Users\vishu\AppData\Local\Programs\Microsoft VS Code\bin
USERNAME=vishu
OS=Windows_NT
PROCESSOR_IDENTIFIER=Intel64 Family 6 Model 69 Stepping 1, GenuineIntel
TMP=C:\Users\vishu\AppData\Local\Temp
TEMP=C:\Users\vishu\AppData\Local\Temp



Periodic native trim disabled


---------------  S Y S T E M  ---------------

OS:
 Windows 10 , 64 bit Build 19041 (10.0.19041.3636)
OS uptime: 1 days 11:05 hours

CPU: total 4 (initial active 4) (2 cores per cpu, 2 threads per core) family 6 model 69 stepping 1 microcode 0x25, cx8, cmov, fxsr, ht, mmx, sse, sse2, sse3, ssse3, sse4.1, sse4.2, popcnt, lzcnt, tsc, tscinvbit, avx, avx2, aes, erms, clmul, bmi1, bmi2, fma, vzeroupper, clflush
Processor Information for all 4 processors :
  Max Mhz: 1900, Current Mhz: 1900, Mhz Limit: 1900

Memory: 4k page, system-wide physical 3992M (205M free)
TotalPageFile size 16280M (AvailPageFile size 51M)
current process WorkingSet (physical memory assigned to process): 10M, peak: 10M
current process commit charge ("private bytes"): 51M, peak: 115M

vm_info: OpenJDK 64-Bit Server VM (17.0.9+9) for windows-amd64 JRE (17.0.9+9), built on Oct 26 2023 14:01:42 by "admin" with MS VC++ 16.10 / 16.11 (VS2019)

END.
